<?xml version="1.0" encoding="UTF-8"?>
<!-- Generated by org.testng.reporters.JUnitXMLReporter -->
<testsuite ignored="0" hostname="MLBMYSL1-107044" failures="1" tests="1" name="chrometest" time="5.882" errors="0" timestamp="2025-07-21T16:18:13 IST">
  <testcase classname="testCases.TC001_AccountRegistration5" name="account_registration" time="0.972">
    <failure type="java.lang.AssertionError" message="null">
      <![CDATA[java.lang.AssertionError: null
at testCases.TC001_AccountRegistration5.account_registration(TC001_AccountRegistration5.java:88)
at java.base/java.util.ArrayList.forEach(ArrayList.java:1596)
... Removed 27 stack frames]]>
    </failure>
  </testcase> <!-- account_registration -->
</testsuite> <!-- chrometest -->
