<?xml version="1.0" encoding="UTF-8"?>
<testng-results ignored="0" total="1" passed="1" failed="0" skipped="0">
  <reporter-output>
  </reporter-output>
  <suite started-at="2025-07-21T16:18:34 IST" name="Suite" finished-at="2025-07-21T16:18:49 IST" duration-ms="15519">
    <groups>
      <group name="Master">
        <method signature="TC001_AccountRegistration5.account_registration()[pri:0, instance:testCases.TC001_AccountRegistration5@1189dd52]" name="account_registration" class="testCases.TC001_AccountRegistration5"/>
      </group> <!-- Master -->
      <group name="Regression">
        <method signature="TC001_AccountRegistration5.account_registration()[pri:0, instance:testCases.TC001_AccountRegistration5@1189dd52]" name="account_registration" class="testCases.TC001_AccountRegistration5"/>
      </group> <!-- Regression -->
    </groups>
    <test started-at="2025-07-21T16:18:34 IST" name="chrometest" finished-at="2025-07-21T16:18:49 IST" duration-ms="15519">
      <class name="testCases.TC001_AccountRegistration5">
        <test-method is-config="true" signature="setup(java.lang.String,java.lang.String)[pri:0, instance:testCases.TC001_AccountRegistration5@1189dd52]" started-at="2025-07-21T16:18:34 IST" name="setup" finished-at="2025-07-21T16:18:41 IST" duration-ms="7053" status="PASS">
          <params>
            <param index="0">
              <value>
                <![CDATA[Windows]]>
              </value>
            </param>
            <param index="1">
              <value>
                <![CDATA[chrome]]>
              </value>
            </param>
          </params>
          <reporter-output>
          </reporter-output>
        </test-method> <!-- setup -->
        <test-method signature="account_registration()[pri:0, instance:testCases.TC001_AccountRegistration5@1189dd52]" started-at="2025-07-21T16:18:41 IST" name="account_registration" finished-at="2025-07-21T16:18:48 IST" duration-ms="7283" status="PASS">
          <reporter-output>
          </reporter-output>
        </test-method> <!-- account_registration -->
        <test-method is-config="true" signature="teardown()[pri:0, instance:testCases.TC001_AccountRegistration5@1189dd52]" started-at="2025-07-21T16:18:48 IST" name="teardown" finished-at="2025-07-21T16:18:49 IST" duration-ms="1000" status="PASS">
          <reporter-output>
          </reporter-output>
        </test-method> <!-- teardown -->
      </class> <!-- testCases.TC001_AccountRegistration5 -->
    </test> <!-- chrometest -->
  </suite> <!-- Suite -->
</testng-results>
