<?xml version="1.0" encoding="UTF-8"?>
<testng-results ignored="0" total="1" passed="1" failed="0" skipped="0">
  <reporter-output>
  </reporter-output>
  <suite started-at="2025-07-22T11:52:24 IST" name="Suite" finished-at="2025-07-22T11:52:37 IST" duration-ms="13411">
    <groups>
      <group name="Master">
        <method signature="TC001_AccountRegistration5.account_registration()[pri:0, instance:testCases.TC001_AccountRegistration5@77c2494c]" name="account_registration" class="testCases.TC001_AccountRegistration5"/>
      </group> <!-- Master -->
      <group name="Regression">
        <method signature="TC001_AccountRegistration5.account_registration()[pri:0, instance:testCases.TC001_AccountRegistration5@77c2494c]" name="account_registration" class="testCases.TC001_AccountRegistration5"/>
      </group> <!-- Regression -->
    </groups>
    <test started-at="2025-07-22T11:52:24 IST" name="chrometest" finished-at="2025-07-22T11:52:37 IST" duration-ms="13411">
      <class name="testCases.TC001_AccountRegistration5">
        <test-method is-config="true" signature="setup(java.lang.String,java.lang.String)[pri:0, instance:testCases.TC001_AccountRegistration5@77c2494c]" started-at="2025-07-22T11:52:24 IST" name="setup" finished-at="2025-07-22T11:52:31 IST" duration-ms="7063" status="PASS">
          <params>
            <param index="0">
              <value>
                <![CDATA[Windows]]>
              </value>
            </param>
            <param index="1">
              <value>
                <![CDATA[chrome]]>
              </value>
            </param>
          </params>
          <reporter-output>
          </reporter-output>
        </test-method> <!-- setup -->
        <test-method signature="account_registration()[pri:0, instance:testCases.TC001_AccountRegistration5@77c2494c]" started-at="2025-07-22T11:52:31 IST" name="account_registration" finished-at="2025-07-22T11:52:37 IST" duration-ms="5591" status="PASS">
          <reporter-output>
          </reporter-output>
        </test-method> <!-- account_registration -->
        <test-method is-config="true" signature="teardown()[pri:0, instance:testCases.TC001_AccountRegistration5@77c2494c]" started-at="2025-07-22T11:52:37 IST" name="teardown" finished-at="2025-07-22T11:52:37 IST" duration-ms="690" status="PASS">
          <reporter-output>
          </reporter-output>
        </test-method> <!-- teardown -->
      </class> <!-- testCases.TC001_AccountRegistration5 -->
    </test> <!-- chrometest -->
  </suite> <!-- Suite -->
</testng-results>
